\BOOKMARK [0][-]{chapter.1}{\376\377\000S\000P\000a\000t\000h\000s}{}% 1
\BOOKMARK [0][-]{chapter.2}{\376\377\000I\000n\000d\000i\000c\000e\000\040\000d\000e\000i\000\040\000t\000i\000p\000i\000\040\000c\000o\000m\000p\000o\000s\000t\000i}{}% 2
\BOOKMARK [1][-]{section.2.1}{\376\377\000E\000l\000e\000n\000c\000o\000\040\000d\000e\000i\000\040\000t\000i\000p\000i\000\040\000c\000o\000m\000p\000o\000s\000t\000i}{chapter.2}% 3
\BOOKMARK [0][-]{chapter.3}{\376\377\000I\000n\000d\000i\000c\000e\000\040\000d\000e\000i\000\040\000f\000i\000l\000e}{}% 4
\BOOKMARK [1][-]{section.3.1}{\376\377\000E\000l\000e\000n\000c\000o\000\040\000d\000e\000i\000\040\000f\000i\000l\000e}{chapter.3}% 5
\BOOKMARK [0][-]{chapter.4}{\376\377\000D\000o\000c\000u\000m\000e\000n\000t\000a\000z\000i\000o\000n\000e\000\040\000d\000e\000l\000l\000e\000\040\000c\000l\000a\000s\000s\000i}{}% 6
\BOOKMARK [1][-]{section.4.1}{\376\377\000R\000i\000f\000e\000r\000i\000m\000e\000n\000t\000i\000\040\000p\000e\000r\000\040\000l\000a\000\040\000s\000t\000r\000u\000c\000t\000\040\000a\000r\000c\000o}{chapter.4}% 7
\BOOKMARK [2][-]{subsection.4.1.1}{\376\377\000D\000e\000s\000c\000r\000i\000z\000i\000o\000n\000e\000\040\000d\000e\000t\000t\000a\000g\000l\000i\000a\000t\000a}{section.4.1}% 8
\BOOKMARK [2][-]{subsection.4.1.2}{\376\377\000D\000o\000c\000u\000m\000e\000n\000t\000a\000z\000i\000o\000n\000e\000\040\000d\000e\000i\000\040\000m\000e\000m\000b\000r\000i\000\040\000d\000a\000t\000o}{section.4.1}% 9
\BOOKMARK [3][-]{subsubsection.4.1.2.1}{\376\377\000i\000d\000\137\000n\000o\000d\000o\000\137\000a\000d\000j}{subsection.4.1.2}% 10
\BOOKMARK [3][-]{subsubsection.4.1.2.2}{\376\377\000p\000e\000s\000o}{subsection.4.1.2}% 11
\BOOKMARK [1][-]{section.4.2}{\376\377\000R\000i\000f\000e\000r\000i\000m\000e\000n\000t\000i\000\040\000p\000e\000r\000\040\000l\000a\000\040\000s\000t\000r\000u\000c\000t\000\040\000g\000r\000a\000f\000o}{chapter.4}% 12
\BOOKMARK [2][-]{subsection.4.2.1}{\376\377\000D\000e\000s\000c\000r\000i\000z\000i\000o\000n\000e\000\040\000d\000e\000t\000t\000a\000g\000l\000i\000a\000t\000a}{section.4.2}% 13
\BOOKMARK [2][-]{subsection.4.2.2}{\376\377\000D\000o\000c\000u\000m\000e\000n\000t\000a\000z\000i\000o\000n\000e\000\040\000d\000e\000i\000\040\000m\000e\000m\000b\000r\000i\000\040\000d\000a\000t\000o}{section.4.2}% 14
\BOOKMARK [3][-]{subsubsection.4.2.2.1}{\376\377\000l\000i\000s\000t\000a\000\137\000n\000o\000d\000i}{subsection.4.2.2}% 15
\BOOKMARK [3][-]{subsubsection.4.2.2.2}{\376\377\000n\000u\000m\000\137\000n\000o\000d\000i}{subsection.4.2.2}% 16
\BOOKMARK [1][-]{section.4.3}{\376\377\000R\000i\000f\000e\000r\000i\000m\000e\000n\000t\000i\000\040\000p\000e\000r\000\040\000l\000a\000\040\000s\000t\000r\000u\000c\000t\000\040\000n\000o\000d\000o}{chapter.4}% 17
\BOOKMARK [2][-]{subsection.4.3.1}{\376\377\000D\000e\000s\000c\000r\000i\000z\000i\000o\000n\000e\000\040\000d\000e\000t\000t\000a\000g\000l\000i\000a\000t\000a}{section.4.3}% 18
\BOOKMARK [2][-]{subsection.4.3.2}{\376\377\000D\000o\000c\000u\000m\000e\000n\000t\000a\000z\000i\000o\000n\000e\000\040\000d\000e\000i\000\040\000m\000e\000m\000b\000r\000i\000\040\000d\000a\000t\000o}{section.4.3}% 19
\BOOKMARK [3][-]{subsubsection.4.3.2.1}{\376\377\000i\000d}{subsection.4.3.2}% 20
\BOOKMARK [3][-]{subsubsection.4.3.2.2}{\376\377\000l\000i\000s\000t\000a\000\137\000a\000d\000i\000a\000c\000e\000n\000z\000e}{subsection.4.3.2}% 21
\BOOKMARK [0][-]{chapter.5}{\376\377\000D\000o\000c\000u\000m\000e\000n\000t\000a\000z\000i\000o\000n\000e\000\040\000d\000e\000i\000\040\000f\000i\000l\000e}{}% 22
\BOOKMARK [1][-]{section.5.1}{\376\377\000R\000i\000f\000e\000r\000i\000m\000e\000n\000t\000i\000\040\000p\000e\000r\000\040\000i\000l\000\040\000f\000i\000l\000e\000\040\000d\000i\000s\000e\000g\000n\000a\000\137\000g\000r\000a\000f\000o\000.\000c\000c}{chapter.5}% 23
\BOOKMARK [2][-]{subsection.5.1.1}{\376\377\000D\000e\000s\000c\000r\000i\000z\000i\000o\000n\000e\000\040\000d\000e\000t\000t\000a\000g\000l\000i\000a\000t\000a}{section.5.1}% 24
\BOOKMARK [2][-]{subsection.5.1.2}{\376\377\000D\000o\000c\000u\000m\000e\000n\000t\000a\000z\000i\000o\000n\000e\000\040\000d\000e\000l\000l\000e\000\040\000f\000u\000n\000z\000i\000o\000n\000i}{section.5.1}% 25
\BOOKMARK [3][-]{subsubsection.5.1.2.1}{\376\377\000d\000i\000s\000e\000g\000n\000a\000\137\000a\000r\000c\000o}{subsection.5.1.2}% 26
\BOOKMARK [3][-]{subsubsection.5.1.2.2}{\376\377\000d\000i\000s\000e\000g\000n\000a\000\137\000g\000r\000a\000f\000o}{subsection.5.1.2}% 27
\BOOKMARK [3][-]{subsubsection.5.1.2.3}{\376\377\000d\000i\000s\000e\000g\000n\000a\000\137\000p\000e\000r\000c\000o\000r\000s\000o}{subsection.5.1.2}% 28
\BOOKMARK [1][-]{section.5.2}{\376\377\000R\000i\000f\000e\000r\000i\000m\000e\000n\000t\000i\000\040\000p\000e\000r\000\040\000i\000l\000\040\000f\000i\000l\000e\000\040\000d\000i\000s\000e\000g\000n\000a\000\137\000g\000r\000a\000f\000o\000.\000h}{chapter.5}% 29
\BOOKMARK [2][-]{subsection.5.2.1}{\376\377\000D\000e\000s\000c\000r\000i\000z\000i\000o\000n\000e\000\040\000d\000e\000t\000t\000a\000g\000l\000i\000a\000t\000a}{section.5.2}% 30
\BOOKMARK [2][-]{subsection.5.2.2}{\376\377\000D\000o\000c\000u\000m\000e\000n\000t\000a\000z\000i\000o\000n\000e\000\040\000d\000e\000l\000l\000e\000\040\000f\000u\000n\000z\000i\000o\000n\000i}{section.5.2}% 31
\BOOKMARK [3][-]{subsubsection.5.2.2.1}{\376\377\000d\000i\000s\000e\000g\000n\000a\000\137\000a\000r\000c\000o}{subsection.5.2.2}% 32
\BOOKMARK [3][-]{subsubsection.5.2.2.2}{\376\377\000d\000i\000s\000e\000g\000n\000a\000\137\000g\000r\000a\000f\000o}{subsection.5.2.2}% 33
\BOOKMARK [3][-]{subsubsection.5.2.2.3}{\376\377\000d\000i\000s\000e\000g\000n\000a\000\137\000p\000e\000r\000c\000o\000r\000s\000o}{subsection.5.2.2}% 34
\BOOKMARK [1][-]{section.5.3}{\376\377\000R\000i\000f\000e\000r\000i\000m\000e\000n\000t\000i\000\040\000p\000e\000r\000\040\000i\000l\000\040\000f\000i\000l\000e\000\040\000o\000p\000e\000r\000a\000z\000i\000o\000n\000i\000\137\000f\000i\000l\000e\000.\000c\000c}{chapter.5}% 35
\BOOKMARK [2][-]{subsection.5.3.1}{\376\377\000D\000e\000s\000c\000r\000i\000z\000i\000o\000n\000e\000\040\000d\000e\000t\000t\000a\000g\000l\000i\000a\000t\000a}{section.5.3}% 36
\BOOKMARK [2][-]{subsection.5.3.2}{\376\377\000D\000o\000c\000u\000m\000e\000n\000t\000a\000z\000i\000o\000n\000e\000\040\000d\000e\000l\000l\000e\000\040\000f\000u\000n\000z\000i\000o\000n\000i}{section.5.3}% 37
\BOOKMARK [3][-]{subsubsection.5.3.2.1}{\376\377\000c\000a\000r\000i\000c\000a\000\137\000d\000a\000\137\000f\000i\000l\000e}{subsection.5.3.2}% 38
\BOOKMARK [3][-]{subsubsection.5.3.2.2}{\376\377\000s\000a\000l\000v\000a\000\137\000s\000u\000\137\000f\000i\000l\000e}{subsection.5.3.2}% 39
\BOOKMARK [1][-]{section.5.4}{\376\377\000R\000i\000f\000e\000r\000i\000m\000e\000n\000t\000i\000\040\000p\000e\000r\000\040\000i\000l\000\040\000f\000i\000l\000e\000\040\000o\000p\000e\000r\000a\000z\000i\000o\000n\000i\000\137\000f\000i\000l\000e\000.\000h}{chapter.5}% 40
\BOOKMARK [2][-]{subsection.5.4.1}{\376\377\000D\000e\000s\000c\000r\000i\000z\000i\000o\000n\000e\000\040\000d\000e\000t\000t\000a\000g\000l\000i\000a\000t\000a}{section.5.4}% 41
\BOOKMARK [2][-]{subsection.5.4.2}{\376\377\000D\000o\000c\000u\000m\000e\000n\000t\000a\000z\000i\000o\000n\000e\000\040\000d\000e\000l\000l\000e\000\040\000f\000u\000n\000z\000i\000o\000n\000i}{section.5.4}% 42
\BOOKMARK [3][-]{subsubsection.5.4.2.1}{\376\377\000c\000a\000r\000i\000c\000a\000\137\000d\000a\000\137\000f\000i\000l\000e}{subsection.5.4.2}% 43
\BOOKMARK [3][-]{subsubsection.5.4.2.2}{\376\377\000s\000a\000l\000v\000a\000\137\000s\000u\000\137\000f\000i\000l\000e}{subsection.5.4.2}% 44
\BOOKMARK [1][-]{section.5.5}{\376\377\000R\000i\000f\000e\000r\000i\000m\000e\000n\000t\000i\000\040\000p\000e\000r\000\040\000i\000l\000\040\000f\000i\000l\000e\000\040\000o\000p\000e\000r\000a\000z\000i\000o\000n\000i\000\137\000g\000r\000a\000f\000o\000.\000c\000c}{chapter.5}% 45
\BOOKMARK [2][-]{subsection.5.5.1}{\376\377\000D\000e\000s\000c\000r\000i\000z\000i\000o\000n\000e\000\040\000d\000e\000t\000t\000a\000g\000l\000i\000a\000t\000a}{section.5.5}% 46
\BOOKMARK [2][-]{subsection.5.5.2}{\376\377\000D\000o\000c\000u\000m\000e\000n\000t\000a\000z\000i\000o\000n\000e\000\040\000d\000e\000l\000l\000e\000\040\000f\000u\000n\000z\000i\000o\000n\000i}{section.5.5}% 47
\BOOKMARK [3][-]{subsubsection.5.5.2.1}{\376\377\000b\000e\000l\000l\000m\000a\000n\000\137\000f\000o\000r\000d}{subsection.5.5.2}% 48
\BOOKMARK [3][-]{subsubsection.5.5.2.2}{\376\377\000d\000i\000s\000t\000r\000u\000g\000g\000i\000\137\000g\000r\000a\000f\000o}{subsection.5.5.2}% 49
\BOOKMARK [3][-]{subsubsection.5.5.2.3}{\376\377\000g\000e\000n\000e\000r\000a\000\137\000g\000r\000a\000f\000o\000\137\000c\000a\000s\000u\000a\000l\000e}{subsection.5.5.2}% 50
\BOOKMARK [3][-]{subsubsection.5.5.2.4}{\376\377\000s\000t\000a\000m\000p\000a\000\137\000a\000d\000i\000a\000c\000e\000n\000z\000e}{subsection.5.5.2}% 51
\BOOKMARK [1][-]{section.5.6}{\376\377\000R\000i\000f\000e\000r\000i\000m\000e\000n\000t\000i\000\040\000p\000e\000r\000\040\000i\000l\000\040\000f\000i\000l\000e\000\040\000o\000p\000e\000r\000a\000z\000i\000o\000n\000i\000\137\000g\000r\000a\000f\000o\000.\000h}{chapter.5}% 52
\BOOKMARK [2][-]{subsection.5.6.1}{\376\377\000D\000e\000s\000c\000r\000i\000z\000i\000o\000n\000e\000\040\000d\000e\000t\000t\000a\000g\000l\000i\000a\000t\000a}{section.5.6}% 53
\BOOKMARK [2][-]{subsection.5.6.2}{\376\377\000D\000o\000c\000u\000m\000e\000n\000t\000a\000z\000i\000o\000n\000e\000\040\000d\000e\000l\000l\000e\000\040\000f\000u\000n\000z\000i\000o\000n\000i}{section.5.6}% 54
\BOOKMARK [3][-]{subsubsection.5.6.2.1}{\376\377\000b\000e\000l\000l\000m\000a\000n\000\137\000f\000o\000r\000d}{subsection.5.6.2}% 55
\BOOKMARK [3][-]{subsubsection.5.6.2.2}{\376\377\000d\000i\000s\000t\000r\000u\000g\000g\000i\000\137\000g\000r\000a\000f\000o}{subsection.5.6.2}% 56
\BOOKMARK [3][-]{subsubsection.5.6.2.3}{\376\377\000g\000e\000n\000e\000r\000a\000\137\000g\000r\000a\000f\000o\000\137\000c\000a\000s\000u\000a\000l\000e}{subsection.5.6.2}% 57
\BOOKMARK [3][-]{subsubsection.5.6.2.4}{\376\377\000s\000t\000a\000m\000p\000a\000\137\000a\000d\000i\000a\000c\000e\000n\000z\000e}{subsection.5.6.2}% 58
\BOOKMARK [1][-]{section.5.7}{\376\377\000R\000i\000f\000e\000r\000i\000m\000e\000n\000t\000i\000\040\000p\000e\000r\000\040\000i\000l\000\040\000f\000i\000l\000e\000\040\000S\000P\000a\000t\000h\000s\000.\000c\000c}{chapter.5}% 59
\BOOKMARK [2][-]{subsection.5.7.1}{\376\377\000D\000e\000s\000c\000r\000i\000z\000i\000o\000n\000e\000\040\000d\000e\000t\000t\000a\000g\000l\000i\000a\000t\000a}{section.5.7}% 60
\BOOKMARK [2][-]{subsection.5.7.2}{\376\377\000D\000o\000c\000u\000m\000e\000n\000t\000a\000z\000i\000o\000n\000e\000\040\000d\000e\000l\000l\000e\000\040\000f\000u\000n\000z\000i\000o\000n\000i}{section.5.7}% 61
\BOOKMARK [3][-]{subsubsection.5.7.2.1}{\376\377\000c\000r\000e\000a\000\137\000g\000r\000a\000f\000o\000\137\000h\000a\000n\000d\000l\000e\000r}{subsection.5.7.2}% 62
\BOOKMARK [3][-]{subsubsection.5.7.2.2}{\376\377\000d\000i\000s\000e\000g\000n\000a\000\137\000p\000e\000r\000c\000o\000r\000s\000o\000\137\000h\000a\000n\000d\000l\000e\000r}{subsection.5.7.2}% 63
\BOOKMARK [3][-]{subsubsection.5.7.2.3}{\376\377\000d\000r\000a\000w\000\137\000h\000a\000n\000d\000l\000e\000r}{subsection.5.7.2}% 64
\BOOKMARK [3][-]{subsubsection.5.7.2.4}{\376\377\000h\000i\000d\000e\000\137\000m\000a\000i\000n\000\137\000w\000i\000n\000d\000o\000w}{subsection.5.7.2}% 65
\BOOKMARK [3][-]{subsubsection.5.7.2.5}{\376\377\000l\000o\000a\000d\000\137\000h\000a\000n\000d\000l\000e\000r}{subsection.5.7.2}% 66
\BOOKMARK [3][-]{subsubsection.5.7.2.6}{\376\377\000m\000a\000i\000n}{subsection.5.7.2}% 67
\BOOKMARK [3][-]{subsubsection.5.7.2.7}{\376\377\000s\000a\000v\000e\000\137\000h\000a\000n\000d\000l\000e\000r}{subsection.5.7.2}% 68
\BOOKMARK [1][-]{section.5.8}{\376\377\000R\000i\000f\000e\000r\000i\000m\000e\000n\000t\000i\000\040\000p\000e\000r\000\040\000i\000l\000\040\000f\000i\000l\000e\000\040\000s\000t\000r\000u\000t\000t\000\137\000d\000a\000t\000i\000.\000h}{chapter.5}% 69
\BOOKMARK [2][-]{subsection.5.8.1}{\376\377\000D\000e\000s\000c\000r\000i\000z\000i\000o\000n\000e\000\040\000d\000e\000t\000t\000a\000g\000l\000i\000a\000t\000a}{section.5.8}% 70
\BOOKMARK [2][-]{subsection.5.8.2}{\376\377\000D\000o\000c\000u\000m\000e\000n\000t\000a\000z\000i\000o\000n\000e\000\040\000d\000e\000l\000l\000e\000\040\000d\000e\000f\000i\000n\000i\000z\000i\000o\000n\000i}{section.5.8}% 71
\BOOKMARK [3][-]{subsubsection.5.8.2.1}{\376\377\000D\0001}{subsection.5.8.2}% 72
\BOOKMARK [3][-]{subsubsection.5.8.2.2}{\376\377\000D\0002}{subsection.5.8.2}% 73
\BOOKMARK [3][-]{subsubsection.5.8.2.3}{\376\377\000D\0004}{subsection.5.8.2}% 74
\BOOKMARK [3][-]{subsubsection.5.8.2.4}{\376\377\000D\0008}{subsection.5.8.2}% 75
